<?xml version="1.0" encoding="UTF-8"?>
<!-- Generated by org.testng.reporters.JUnitReportReporter -->
<testsuite hostname="Maksims_Envy" failures="0" tests="2" name="gameBasics.UserTest" time="0.012" errors="0" timestamp="25 Nov 2022 11:22:21 GMT">
  <testcase classname="gameBasics.UserTest" name="getAgeTest" time="0.010"/>
  <testcase classname="gameBasics.UserTest" name="getNameTest" time="0.002"/>
</testsuite> <!-- gameBasics.UserTest -->
